<?xml version="1.0" encoding="UTF-8"?>
<testng-results ignored="0" total="1" passed="1" failed="0" skipped="0">
  <reporter-output>
  </reporter-output>
  <suite started-at="2019-08-22T01:54:45Z" name="Suite" finished-at="2019-08-22T01:55:13Z" duration-ms="27931">
    <groups>
    </groups>
    <test started-at="2019-08-22T01:54:45Z" name="Test" finished-at="2019-08-22T01:55:13Z" duration-ms="27931">
      <class name="LoginTest">
        <test-method signature="Khulja()[pri:0, instance:LoginTest@442675e1]" started-at="2019-08-22T01:54:45Z" name="Khulja" finished-at="2019-08-22T01:55:13Z" duration-ms="27898" status="PASS">
          <reporter-output>
          </reporter-output>
        </test-method> <!-- Khulja -->
      </class> <!-- LoginTest -->
    </test> <!-- Test -->
  </suite> <!-- Suite -->
</testng-results>
